Info: #include Data/filesystem/programs/random-rectangles/../../lib/c93-keyboard.asm succesfully added.
Info: Found 215 lines to compile.
Info: Found new label .Repeat at line 12: .Repeat
Info: Found new label .Skip at line 37: .Skip
Info: Found new label .Exit at line 40: .Exit
Info: Found new label .InputUpdate at line 54: .InputUpdate
Info: Found new label .InputKeyPressed at line 73: .InputKeyPressed
Info: Found new label .input_keyPressed_true at line 90: .input_keyPressed_true
Info: Found new label .InputKeyReleased at line 97: .InputKeyReleased
Info: Found new label .input_keyReleased_true at line 112: .input_keyReleased_true
Info: Found new label .InputNoStateChange at line 120: .InputNoStateChange
Info: Found new label .input_no_state_change_loop at line 126: .input_no_state_change_loop
Info: Found new label .input_no_state_change_false at line 135: .input_no_state_change_false
Info: Found new label .input_no_state_changed_true at line 140: .input_no_state_changed_true
Info: Found new label .input_keyDown at line 148: .input_keyDown              
Info: Found new label .input_keyDown_next at line 152: .input_keyDown_next
Info: Found new label .input_keyDown_true at line 164: .input_keyDown_true
Info: Found new label .input_keyUp at line 173: .input_keyUp
Info: Found new label .input_keyUp_true at line 180: .input_keyUp_true
Info: Found new label .input_keyDown_current at line 184: .input_keyDown_current
Info: Found new label .input_keyDown_previous at line 189: .input_keyDown_previous
Info: Found new label .input_keyUp_current at line 194: .input_keyUp_current
Info: Found new label .input_keyUp_previous at line 199: .input_keyUp_previous
Info: Found new label .input_CSB at line 206: .input_CSB      ; current state buffer
Info: Found new label .input_PSB at line 209: .input_PSB      ; previous state buffer
Info: Found new label .input_timings at line 212: .input_timings  ; milliseconds pressed (for future implementation)
Info: Total program length is 548 bytes out of which 420 bytes represent actual code and 128 bytes represent #DB data.
