Info: #include Data/filesystem/programs/random-shapes/../../lib/c93-keyboard.asm succesfully added.
Info: Found 219 lines to compile.
Info: Found new label .Repeat at line 10: .Repeat
Info: Found new label .Skip at line 41: .Skip
Info: Found new label .Exit at line 44: .Exit
Info: Found new label .InputUpdate at line 58: .InputUpdate
Info: Found new label .InputKeyPressed at line 77: .InputKeyPressed
Info: Found new label .input_keyPressed_true at line 94: .input_keyPressed_true
Info: Found new label .InputKeyReleased at line 101: .InputKeyReleased
Info: Found new label .input_keyReleased_true at line 116: .input_keyReleased_true
Info: Found new label .InputNoStateChange at line 124: .InputNoStateChange
Info: Found new label .input_no_state_change_loop at line 130: .input_no_state_change_loop
Info: Found new label .input_no_state_change_false at line 139: .input_no_state_change_false
Info: Found new label .input_no_state_changed_true at line 144: .input_no_state_changed_true
Info: Found new label .input_keyDown at line 152: .input_keyDown              
Info: Found new label .input_keyDown_next at line 156: .input_keyDown_next
Info: Found new label .input_keyDown_true at line 168: .input_keyDown_true
Info: Found new label .input_keyUp at line 177: .input_keyUp
Info: Found new label .input_keyUp_true at line 184: .input_keyUp_true
Info: Found new label .input_keyDown_current at line 188: .input_keyDown_current
Info: Found new label .input_keyDown_previous at line 193: .input_keyDown_previous
Info: Found new label .input_keyUp_current at line 198: .input_keyUp_current
Info: Found new label .input_keyUp_previous at line 203: .input_keyUp_previous
Info: Found new label .input_CSB at line 210: .input_CSB      ; current state buffer
Info: Found new label .input_PSB at line 213: .input_PSB      ; previous state buffer
Info: Found new label .input_timings at line 216: .input_timings  ; milliseconds pressed (for future implementation)
Info: Total program length is 567 bytes out of which 439 bytes represent actual code and 128 bytes represent #DB data.
